<?xml version="1.0" encoding="UTF-8"?>
<testng-results ignored="0" total="1" passed="1" failed="0" skipped="0">
  <reporter-output>
  </reporter-output>
  <suite started-at="2020-08-15T19:44:36 IST" name="Suite" finished-at="2020-08-15T19:44:49 IST" duration-ms="13518">
    <groups>
    </groups>
    <test started-at="2020-08-15T19:44:36 IST" name="Test" finished-at="2020-08-15T19:44:49 IST" duration-ms="13518">
      <class name="com.wordpress.TestCases.VerifyFindByLoginPage">
        <test-method is-config="true" signature="setUpSuite()[pri:0, instance:com.wordpress.TestCases.VerifyFindByLoginPage@7a4ccb53]" started-at="2020-08-15T19:44:36 IST" name="setUpSuite" finished-at="2020-08-15T19:44:36 IST" duration-ms="14" status="PASS">
          <reporter-output>
          </reporter-output>
        </test-method> <!-- setUpSuite -->
        <test-method is-config="true" signature="setup()[pri:0, instance:com.wordpress.TestCases.VerifyFindByLoginPage@7a4ccb53]" started-at="2020-08-15T19:44:36 IST" name="setup" finished-at="2020-08-15T19:44:47 IST" duration-ms="10918" status="PASS">
          <reporter-output>
          </reporter-output>
        </test-method> <!-- setup -->
        <test-method signature="checkValidateUser()[pri:0, instance:com.wordpress.TestCases.VerifyFindByLoginPage@7a4ccb53]" started-at="2020-08-15T19:44:47 IST" name="checkValidateUser" finished-at="2020-08-15T19:44:49 IST" duration-ms="1715" status="PASS">
          <reporter-output>
          </reporter-output>
        </test-method> <!-- checkValidateUser -->
        <test-method is-config="true" signature="tearDown()[pri:0, instance:com.wordpress.TestCases.VerifyFindByLoginPage@7a4ccb53]" started-at="2020-08-15T19:44:49 IST" name="tearDown" finished-at="2020-08-15T19:44:49 IST" duration-ms="813" status="PASS">
          <reporter-output>
          </reporter-output>
        </test-method> <!-- tearDown -->
      </class> <!-- com.wordpress.TestCases.VerifyFindByLoginPage -->
    </test> <!-- Test -->
  </suite> <!-- Suite -->
</testng-results>
