<?xml version="1.0" encoding="UTF-8"?>
<testng-results ignored="0" total="1" passed="1" failed="0" skipped="0">
  <reporter-output>
  </reporter-output>
  <suite started-at="2020-08-15T14:22:21 IST" name="Suite" finished-at="2020-08-15T14:22:36 IST" duration-ms="14656">
    <groups>
    </groups>
    <test started-at="2020-08-15T14:22:21 IST" name="Test" finished-at="2020-08-15T14:22:36 IST" duration-ms="14656">
      <class name="com.wordpress.TestCases.VerifyFindByLoginPage">
        <test-method is-config="true" signature="setUpSuite()[pri:0, instance:com.wordpress.TestCases.VerifyFindByLoginPage@33afa13b]" started-at="2020-08-15T14:22:20 IST" name="setUpSuite" finished-at="2020-08-15T14:22:21 IST" duration-ms="821" status="PASS">
          <reporter-output>
          </reporter-output>
        </test-method> <!-- setUpSuite -->
        <test-method is-config="true" signature="setup()[pri:0, instance:com.wordpress.TestCases.VerifyFindByLoginPage@33afa13b]" started-at="2020-08-15T14:22:21 IST" name="setup" finished-at="2020-08-15T14:22:33 IST" duration-ms="11963" status="PASS">
          <reporter-output>
          </reporter-output>
        </test-method> <!-- setup -->
        <test-method signature="checkValidateUser()[pri:0, instance:com.wordpress.TestCases.VerifyFindByLoginPage@33afa13b]" started-at="2020-08-15T14:22:33 IST" name="checkValidateUser" finished-at="2020-08-15T14:22:35 IST" duration-ms="1352" status="PASS">
          <reporter-output>
          </reporter-output>
        </test-method> <!-- checkValidateUser -->
        <test-method is-config="true" signature="tearDown()[pri:0, instance:com.wordpress.TestCases.VerifyFindByLoginPage@33afa13b]" started-at="2020-08-15T14:22:35 IST" name="tearDown" finished-at="2020-08-15T14:22:36 IST" duration-ms="1256" status="PASS">
          <reporter-output>
          </reporter-output>
        </test-method> <!-- tearDown -->
      </class> <!-- com.wordpress.TestCases.VerifyFindByLoginPage -->
    </test> <!-- Test -->
  </suite> <!-- Suite -->
</testng-results>
